Room.cpp: In member function ‘Room* Room::getExit(std::string)’:
Room.cpp:46:29: error: no match for ‘operator!=’ (operand types are ‘std::map<std::basic_string<char>, Room>::iterator {aka std::_Rb_tree_iterator<std::pair<const std::basic_string<char>, Room> >}’ and ‘const char [1]’)
   if (exits.find(direction) != "")
                             ^
Room.cpp:46:29: note: candidates are:
In file included from /usr/include/c++/4.9/map:60:0,
                 from Room.h:7,
                 from Game.h:6,
                 from Room.cpp:1:
/usr/include/c++/4.9/bits/stl_tree.h:235:7: note: bool std::_Rb_tree_iterator<_Tp>::operator!=(const _Self&) const [with _Tp = std::pair<const std::basic_string<char>, Room>; std::_Rb_tree_iterator<_Tp>::_Self = std::_Rb_tree_iterator<std::pair<const std::basic_string<char>, Room> >]
       operator!=(const _Self& __x) const _GLIBCXX_NOEXCEPT
       ^
/usr/include/c++/4.9/bits/stl_tree.h:235:7: note:   no known conversion for argument 1 from ‘const char [1]’ to ‘const _Self& {aka const std::_Rb_tree_iterator<std::pair<const std::basic_string<char>, Room> >&}’
In file included from /usr/include/c++/4.9/iosfwd:40:0,
                 from /usr/include/c++/4.9/ios:38,
                 from /usr/include/c++/4.9/ostream:38,
                 from /usr/include/c++/4.9/iostream:39,
                 from Game.h:4,
                 from Room.cpp:1:
/usr/include/c++/4.9/bits/postypes.h:221:5: note: template<class _StateT> bool std::operator!=(const std::fpos<_StateT>&, const std::fpos<_StateT>&)
     operator!=(const fpos<_StateT>& __lhs, const fpos<_StateT>& __rhs)
     ^
/usr/include/c++/4.9/bits/postypes.h:221:5: note:   template argument deduction/substitution failed:
Room.cpp:46:32: note:   ‘std::map<std::basic_string<char>, Room>::iterator {aka std::_Rb_tree_iterator<std::pair<const std::basic_string<char>, Room> >}’ is not derived from ‘const std::fpos<_StateT>’
   if (exits.find(direction) != "")
                                ^
In file included from /usr/include/c++/4.9/bits/stl_algobase.h:64:0,
                 from /usr/include/c++/4.9/bits/char_traits.h:39,
                 from /usr/include/c++/4.9/ios:40,
                 from /usr/include/c++/4.9/ostream:38,
                 from /usr/include/c++/4.9/iostream:39,
                 from Game.h:4,
                 from Room.cpp:1:
/usr/include/c++/4.9/bits/stl_pair.h:227:5: note: template<class _T1, class _T2> bool std::operator!=(const std::pair<_T1, _T2>&, const std::pair<_T1, _T2>&)
     operator!=(const pair<_T1, _T2>& __x, const pair<_T1, _T2>& __y)
     ^
/usr/include/c++/4.9/bits/stl_pair.h:227:5: note:   template argument deduction/substitution failed:
Room.cpp:46:32: note:   ‘std::map<std::basic_string<char>, Room>::iterator {aka std::_Rb_tree_iterator<std::pair<const std::basic_string<char>, Room> >}’ is not derived from ‘const std::pair<_T1, _T2>’
   if (exits.find(direction) != "")
                                ^
In file included from /usr/include/c++/4.9/bits/stl_algobase.h:67:0,
                 from /usr/include/c++/4.9/bits/char_traits.h:39,
                 from /usr/include/c++/4.9/ios:40,
                 from /usr/include/c++/4.9/ostream:38,
                 from /usr/include/c++/4.9/iostream:39,
                 from Game.h:4,
                 from Room.cpp:1:
/usr/include/c++/4.9/bits/stl_iterator.h:304:5: note: template<class _Iterator> bool std::operator!=(const std::reverse_iterator<_Iterator>&, const std::reverse_iterator<_Iterator>&)
     operator!=(const reverse_iterator<_Iterator>& __x,
     ^
/usr/include/c++/4.9/bits/stl_iterator.h:304:5: note:   template argument deduction/substitution failed:
Room.cpp:46:32: note:   ‘std::map<std::basic_string<char>, Room>::iterator {aka std::_Rb_tree_iterator<std::pair<const std::basic_string<char>, Room> >}’ is not derived from ‘const std::reverse_iterator<_Iterator>’
   if (exits.find(direction) != "")
                                ^
In file included from /usr/include/c++/4.9/bits/stl_algobase.h:67:0,
                 from /usr/include/c++/4.9/bits/char_traits.h:39,
                 from /usr/include/c++/4.9/ios:40,
                 from /usr/include/c++/4.9/ostream:38,
                 from /usr/include/c++/4.9/iostream:39,
                 from Game.h:4,
                 from Room.cpp:1:
/usr/include/c++/4.9/bits/stl_iterator.h:354:5: note: template<class _IteratorL, class _IteratorR> bool std::operator!=(const std::reverse_iterator<_Iterator>&, const std::reverse_iterator<_IteratorR>&)
     operator!=(const reverse_iterator<_IteratorL>& __x,
     ^
/usr/include/c++/4.9/bits/stl_iterator.h:354:5: note:   template argument deduction/substitution failed:
Room.cpp:46:32: note:   ‘std::map<std::basic_string<char>, Room>::iterator {aka std::_Rb_tree_iterator<std::pair<const std::basic_string<char>, Room> >}’ is not derived from ‘const std::reverse_iterator<_Iterator>’
   if (exits.find(direction) != "")
                                ^
In file included from /usr/include/c++/4.9/string:41:0,
                 from /usr/include/c++/4.9/bits/locale_classes.h:40,
                 from /usr/include/c++/4.9/bits/ios_base.h:41,
                 from /usr/include/c++/4.9/ios:42,
                 from /usr/include/c++/4.9/ostream:38,
                 from /usr/include/c++/4.9/iostream:39,
                 from Game.h:4,
                 from Room.cpp:1:
/usr/include/c++/4.9/bits/allocator.h:138:5: note: template<class _T1, class _T2> bool std::operator!=(const std::allocator<_CharT>&, const std::allocator<_T2>&)
     operator!=(const allocator<_T1>&, const allocator<_T2>&)
     ^
/usr/include/c++/4.9/bits/allocator.h:138:5: note:   template argument deduction/substitution failed:
Room.cpp:46:32: note:   ‘std::map<std::basic_string<char>, Room>::iterator {aka std::_Rb_tree_iterator<std::pair<const std::basic_string<char>, Room> >}’ is not derived from ‘const std::allocator<_CharT>’
   if (exits.find(direction) != "")
                                ^
In file included from /usr/include/c++/4.9/string:41:0,
                 from /usr/include/c++/4.9/bits/locale_classes.h:40,
                 from /usr/include/c++/4.9/bits/ios_base.h:41,
                 from /usr/include/c++/4.9/ios:42,
                 from /usr/include/c++/4.9/ostream:38,
                 from /usr/include/c++/4.9/iostream:39,
                 from Game.h:4,
                 from Room.cpp:1:
/usr/include/c++/4.9/bits/allocator.h:143:5: note: template<class _Tp> bool std::operator!=(const std::allocator<_CharT>&, const std::allocator<_CharT>&)
     operator!=(const allocator<_Tp>&, const allocator<_Tp>&)
     ^
/usr/include/c++/4.9/bits/allocator.h:143:5: note:   template argument deduction/substitution failed:
Room.cpp:46:32: note:   ‘std::map<std::basic_string<char>, Room>::iterator {aka std::_Rb_tree_iterator<std::pair<const std::basic_string<char>, Room> >}’ is not derived from ‘const std::allocator<_CharT>’
   if (exits.find(direction) != "")
                                ^
In file included from /usr/include/c++/4.9/string:52:0,
                 from /usr/include/c++/4.9/bits/locale_classes.h:40,
                 from /usr/include/c++/4.9/bits/ios_base.h:41,
                 from /usr/include/c++/4.9/ios:42,
                 from /usr/include/c++/4.9/ostream:38,
                 from /usr/include/c++/4.9/iostream:39,
                 from Game.h:4,
                 from Room.cpp:1:
/usr/include/c++/4.9/bits/basic_string.h:2551:5: note: template<class _CharT, class _Traits, class _Alloc> bool std::operator!=(const std::basic_string<_CharT, _Traits, _Alloc>&, const std::basic_string<_CharT, _Traits, _Alloc>&)
     operator!=(const basic_string<_CharT, _Traits, _Alloc>& __lhs,
     ^
/usr/include/c++/4.9/bits/basic_string.h:2551:5: note:   template argument deduction/substitution failed:
Room.cpp:46:32: note:   ‘std::map<std::basic_string<char>, Room>::iterator {aka std::_Rb_tree_iterator<std::pair<const std::basic_string<char>, Room> >}’ is not derived from ‘const std::basic_string<_CharT, _Traits, _Alloc>’
   if (exits.find(direction) != "")
                                ^
In file included from /usr/include/c++/4.9/string:52:0,
                 from /usr/include/c++/4.9/bits/locale_classes.h:40,
                 from /usr/include/c++/4.9/bits/ios_base.h:41,
                 from /usr/include/c++/4.9/ios:42,
                 from /usr/include/c++/4.9/ostream:38,
                 from /usr/include/c++/4.9/iostream:39,
                 from Game.h:4,
                 from Room.cpp:1:
/usr/include/c++/4.9/bits/basic_string.h:2563:5: note: template<class _CharT, class _Traits, class _Alloc> bool std::operator!=(const _CharT*, const std::basic_string<_CharT, _Traits, _Alloc>&)
     operator!=(const _CharT* __lhs,
     ^
/usr/include/c++/4.9/bits/basic_string.h:2563:5: note:   template argument deduction/substitution failed:
Room.cpp:46:32: note:   mismatched types ‘const _CharT*’ and ‘std::_Rb_tree_iterator<std::pair<const std::basic_string<char>, Room> >’
   if (exits.find(direction) != "")
                                ^
In file included from /usr/include/c++/4.9/string:52:0,
                 from /usr/include/c++/4.9/bits/locale_classes.h:40,
                 from /usr/include/c++/4.9/bits/ios_base.h:41,
                 from /usr/include/c++/4.9/ios:42,
                 from /usr/include/c++/4.9/ostream:38,
                 from /usr/include/c++/4.9/iostream:39,
                 from Game.h:4,
                 from Room.cpp:1:
/usr/include/c++/4.9/bits/basic_string.h:2575:5: note: template<class _CharT, class _Traits, class _Alloc> bool std::operator!=(const std::basic_string<_CharT, _Traits, _Alloc>&, const _CharT*)
     operator!=(const basic_string<_CharT, _Traits, _Alloc>& __lhs,
     ^
/usr/include/c++/4.9/bits/basic_string.h:2575:5: note:   template argument deduction/substitution failed:
Room.cpp:46:32: note:   ‘std::map<std::basic_string<char>, Room>::iterator {aka std::_Rb_tree_iterator<std::pair<const std::basic_string<char>, Room> >}’ is not derived from ‘const std::basic_string<_CharT, _Traits, _Alloc>’
   if (exits.find(direction) != "")
                                ^
In file included from /usr/include/c++/4.9/bits/locale_facets.h:48:0,
                 from /usr/include/c++/4.9/bits/basic_ios.h:37,
                 from /usr/include/c++/4.9/ios:44,
                 from /usr/include/c++/4.9/ostream:38,
                 from /usr/include/c++/4.9/iostream:39,
                 from Game.h:4,
                 from Room.cpp:1:
/usr/include/c++/4.9/bits/streambuf_iterator.h:210:5: note: template<class _CharT, class _Traits> bool std::operator!=(const std::istreambuf_iterator<_CharT, _Traits>&, const std::istreambuf_iterator<_CharT, _Traits>&)
     operator!=(const istreambuf_iterator<_CharT, _Traits>& __a,
     ^
/usr/include/c++/4.9/bits/streambuf_iterator.h:210:5: note:   template argument deduction/substitution failed:
Room.cpp:46:32: note:   ‘std::map<std::basic_string<char>, Room>::iterator {aka std::_Rb_tree_iterator<std::pair<const std::basic_string<char>, Room> >}’ is not derived from ‘const std::istreambuf_iterator<_CharT, _Traits>’
   if (exits.find(direction) != "")
                                ^
In file included from /usr/include/c++/4.9/vector:64:0,
                 from Room.h:6,
                 from Game.h:6,
                 from Room.cpp:1:
/usr/include/c++/4.9/bits/stl_vector.h:1535:5: note: template<class _Tp, class _Alloc> bool std::operator!=(const std::vector<_Tp, _Alloc>&, const std::vector<_Tp, _Alloc>&)
     operator!=(const vector<_Tp, _Alloc>& __x, const vector<_Tp, _Alloc>& __y)
     ^
/usr/include/c++/4.9/bits/stl_vector.h:1535:5: note:   template argument deduction/substitution failed:
Room.cpp:46:32: note:   ‘std::map<std::basic_string<char>, Room>::iterator {aka std::_Rb_tree_iterator<std::pair<const std::basic_string<char>, Room> >}’ is not derived from ‘const std::vector<_Tp, _Alloc>’
   if (exits.find(direction) != "")
                                ^
In file included from /usr/include/c++/4.9/map:60:0,
                 from Room.h:7,
                 from Game.h:6,
                 from Room.cpp:1:
/usr/include/c++/4.9/bits/stl_tree.h:329:5: note: template<class _Val> bool std::operator!=(const std::_Rb_tree_iterator<_Tp>&, const std::_Rb_tree_const_iterator<_Val>&)
     operator!=(const _Rb_tree_iterator<_Val>& __x,
     ^
/usr/include/c++/4.9/bits/stl_tree.h:329:5: note:   template argument deduction/substitution failed:
Room.cpp:46:32: note:   mismatched types ‘const std::_Rb_tree_const_iterator<_Val>’ and ‘const char [1]’
   if (exits.find(direction) != "")
                                ^
In file included from /usr/include/c++/4.9/map:60:0,
                 from Room.h:7,
                 from Game.h:6,
                 from Room.cpp:1:
/usr/include/c++/4.9/bits/stl_tree.h:990:5: note: template<class _Key, class _Val, class _KeyOfValue, class _Compare, class _Alloc> bool std::operator!=(const std::_Rb_tree<_Key, _Val, _KeyOfValue, _Compare, _Alloc>&, const std::_Rb_tree<_Key, _Val, _KeyOfValue, _Compare, _Alloc>&)
     operator!=(const _Rb_tree<_Key, _Val, _KeyOfValue, _Compare, _Alloc>& __x,
     ^
/usr/include/c++/4.9/bits/stl_tree.h:990:5: note:   template argument deduction/substitution failed:
Room.cpp:46:32: note:   ‘std::map<std::basic_string<char>, Room>::iterator {aka std::_Rb_tree_iterator<std::pair<const std::basic_string<char>, Room> >}’ is not derived from ‘const std::_Rb_tree<_Key, _Val, _KeyOfValue, _Compare, _Alloc>’
   if (exits.find(direction) != "")
                                ^
In file included from /usr/include/c++/4.9/map:61:0,
                 from Room.h:7,
                 from Game.h:6,
                 from Room.cpp:1:
/usr/include/c++/4.9/bits/stl_map.h:1024:5: note: template<class _Key, class _Tp, class _Compare, class _Alloc> bool std::operator!=(const std::map<_Key, _Tp, _Compare, _Alloc>&, const std::map<_Key, _Tp, _Compare, _Alloc>&)
     operator!=(const map<_Key, _Tp, _Compare, _Alloc>& __x,
     ^
/usr/include/c++/4.9/bits/stl_map.h:1024:5: note:   template argument deduction/substitution failed:
Room.cpp:46:32: note:   ‘std::map<std::basic_string<char>, Room>::iterator {aka std::_Rb_tree_iterator<std::pair<const std::basic_string<char>, Room> >}’ is not derived from ‘const std::map<_Key, _Tp, _Compare, _Alloc>’
   if (exits.find(direction) != "")
                                ^
In file included from /usr/include/c++/4.9/map:62:0,
                 from Room.h:7,
                 from Game.h:6,
                 from Room.cpp:1:
/usr/include/c++/4.9/bits/stl_multimap.h:927:5: note: template<class _Key, class _Tp, class _Compare, class _Alloc> bool std::operator!=(const std::multimap<_Key, _Tp, _Compare, _Alloc>&, const std::multimap<_Key, _Tp, _Compare, _Alloc>&)
     operator!=(const multimap<_Key, _Tp, _Compare, _Alloc>& __x,
     ^
/usr/include/c++/4.9/bits/stl_multimap.h:927:5: note:   template argument deduction/substitution failed:
Room.cpp:46:32: note:   ‘std::map<std::basic_string<char>, Room>::iterator {aka std::_Rb_tree_iterator<std::pair<const std::basic_string<char>, Room> >}’ is not derived from ‘const std::multimap<_Key, _Tp, _Compare, _Alloc>’
   if (exits.find(direction) != "")
                                ^
In file included from /usr/include/c++/4.9/set:61:0,
                 from Room.h:8,
                 from Game.h:6,
                 from Room.cpp:1:
/usr/include/c++/4.9/bits/stl_set.h:817:5: note: template<class _Key, class _Compare, class _Alloc> bool std::operator!=(const std::set<_Key, _Compare, _Alloc>&, const std::set<_Key, _Compare, _Alloc>&)
     operator!=(const set<_Key, _Compare, _Alloc>& __x,
     ^
/usr/include/c++/4.9/bits/stl_set.h:817:5: note:   template argument deduction/substitution failed:
Room.cpp:46:32: note:   ‘std::map<std::basic_string<char>, Room>::iterator {aka std::_Rb_tree_iterator<std::pair<const std::basic_string<char>, Room> >}’ is not derived from ‘const std::set<_Key, _Compare, _Alloc>’
   if (exits.find(direction) != "")
                                ^
In file included from /usr/include/c++/4.9/set:62:0,
                 from Room.h:8,
                 from Game.h:6,
                 from Room.cpp:1:
/usr/include/c++/4.9/bits/stl_multiset.h:801:5: note: template<class _Key, class _Compare, class _Alloc> bool std::operator!=(const std::multiset<_Key, _Compare, _Alloc>&, const std::multiset<_Key, _Compare, _Alloc>&)
     operator!=(const multiset<_Key, _Compare, _Alloc>& __x,
     ^
/usr/include/c++/4.9/bits/stl_multiset.h:801:5: note:   template argument deduction/substitution failed:
Room.cpp:46:32: note:   ‘std::map<std::basic_string<char>, Room>::iterator {aka std::_Rb_tree_iterator<std::pair<const std::basic_string<char>, Room> >}’ is not derived from ‘const std::multiset<_Key, _Compare, _Alloc>’
   if (exits.find(direction) != "")
                                ^
In file included from /usr/include/x86_64-linux-gnu/c++/4.9/bits/c++allocator.h:33:0,
                 from /usr/include/c++/4.9/bits/allocator.h:46,
                 from /usr/include/c++/4.9/string:41,
                 from /usr/include/c++/4.9/bits/locale_classes.h:40,
                 from /usr/include/c++/4.9/bits/ios_base.h:41,
                 from /usr/include/c++/4.9/ios:42,
                 from /usr/include/c++/4.9/ostream:38,
                 from /usr/include/c++/4.9/iostream:39,
                 from Game.h:4,
                 from Room.cpp:1:
/usr/include/c++/4.9/ext/new_allocator.h:144:5: note: template<class _Tp> bool __gnu_cxx::operator!=(const __gnu_cxx::new_allocator<_Tp>&, const __gnu_cxx::new_allocator<_Tp>&)
     operator!=(const new_allocator<_Tp>&, const new_allocator<_Tp>&)
     ^
/usr/include/c++/4.9/ext/new_allocator.h:144:5: note:   template argument deduction/substitution failed:
Room.cpp:46:32: note:   ‘std::map<std::basic_string<char>, Room>::iterator {aka std::_Rb_tree_iterator<std::pair<const std::basic_string<char>, Room> >}’ is not derived from ‘const __gnu_cxx::new_allocator<_Tp>’
   if (exits.find(direction) != "")
                                ^
In file included from /usr/include/c++/4.9/bits/stl_algobase.h:67:0,
                 from /usr/include/c++/4.9/bits/char_traits.h:39,
                 from /usr/include/c++/4.9/ios:40,
                 from /usr/include/c++/4.9/ostream:38,
                 from /usr/include/c++/4.9/iostream:39,
                 from Game.h:4,
                 from Room.cpp:1:
/usr/include/c++/4.9/bits/stl_iterator.h:829:5: note: template<class _Iterator, class _Container> bool __gnu_cxx::operator!=(const __gnu_cxx::__normal_iterator<_Iterator, _Container>&, const __gnu_cxx::__normal_iterator<_Iterator, _Container>&)
     operator!=(const __normal_iterator<_Iterator, _Container>& __lhs,
     ^
/usr/include/c++/4.9/bits/stl_iterator.h:829:5: note:   template argument deduction/substitution failed:
Room.cpp:46:32: note:   ‘std::map<std::basic_string<char>, Room>::iterator {aka std::_Rb_tree_iterator<std::pair<const std::basic_string<char>, Room> >}’ is not derived from ‘const __gnu_cxx::__normal_iterator<_Iterator, _Container>’
   if (exits.find(direction) != "")
                                ^
In file included from /usr/include/c++/4.9/bits/stl_algobase.h:67:0,
                 from /usr/include/c++/4.9/bits/char_traits.h:39,
                 from /usr/include/c++/4.9/ios:40,
                 from /usr/include/c++/4.9/ostream:38,
                 from /usr/include/c++/4.9/iostream:39,
                 from Game.h:4,
                 from Room.cpp:1:
/usr/include/c++/4.9/bits/stl_iterator.h:822:5: note: template<class _IteratorL, class _IteratorR, class _Container> bool __gnu_cxx::operator!=(const __gnu_cxx::__normal_iterator<_IteratorL, _Container>&, const __gnu_cxx::__normal_iterator<_IteratorR, _Container>&)
     operator!=(const __normal_iterator<_IteratorL, _Container>& __lhs,
     ^
/usr/include/c++/4.9/bits/stl_iterator.h:822:5: note:   template argument deduction/substitution failed:
Room.cpp:46:32: note:   ‘std::map<std::basic_string<char>, Room>::iterator {aka std::_Rb_tree_iterator<std::pair<const std::basic_string<char>, Room> >}’ is not derived from ‘const __gnu_cxx::__normal_iterator<_IteratorL, _Container>’
   if (exits.find(direction) != "")
                                ^
Room.cpp:47:26: error: cannot convert ‘std::map<std::basic_string<char>, Room>::mapped_type {aka Room}’ to ‘Room*’ in return
    return exits[direction];
                          ^
In file included from /usr/include/c++/4.9/map:61:0,
                 from Room.h:7,
                 from Game.h:6,
                 from Room.cpp:1:
/usr/include/c++/4.9/bits/stl_map.h: In instantiation of ‘std::map<_Key, _Tp, _Compare, _Alloc>::mapped_type& std::map<_Key, _Tp, _Compare, _Alloc>::operator[](const key_type&) [with _Key = std::basic_string<char>; _Tp = Room; _Compare = std::less<std::basic_string<char> >; _Alloc = std::allocator<std::pair<const std::basic_string<char>, Room> >; std::map<_Key, _Tp, _Compare, _Alloc>::mapped_type = Room; std::map<_Key, _Tp, _Compare, _Alloc>::key_type = std::basic_string<char>]’:
Room.cpp:29:18:   required from here
/usr/include/c++/4.9/bits/stl_map.h:504:59: error: no matching function for call to ‘Room::Room()’
           __i = insert(__i, value_type(__k, mapped_type()));
                                                           ^
/usr/include/c++/4.9/bits/stl_map.h:504:59: note: candidates are:
Room.cpp:23:2: note: Room::Room(std::string)
  Room::Room(string description){
  ^
Room.cpp:23:2: note:   candidate expects 1 argument, 0 provided
In file included from Game.h:6:0,
                 from Room.cpp:1:
Room.h:15:7: note: Room::Room(const Room&)
 class Room
       ^
Room.h:15:7: note:   candidate expects 1 argument, 0 provided
